Determining size of off64_t failed with the following output:
Change Dir: D:/remotes/sed-stash/biogears/master/projects/zip/lib/zlib/CMakeFiles/CMakeTmp

Run Build Command(s):C:/Program Files (x86)/Microsoft Visual Studio/2017/Professional/MSBuild/15.0/Bin/MSBuild.exe cmTC_3cb0f.vcxproj /p:Configuration=Debug /p:Platform=x64 /p:VisualStudioVersion=15.0 /v:m && Microsoft (R) Build Engine version 15.9.21+g9802d43bc3 for .NET Framework
Copyright (C) Microsoft Corporation. All rights reserved.

  Microsoft (R) C/C++ Optimizing Compiler Version 19.16.27034 for x64
  Copyright (C) Microsoft Corporation.  All rights reserved.
  
  cl /c /Zi /W3 /WX- /diagnostics:classic /Od /Ob0 /D WIN32 /D _WINDOWS /D _LARGEFILE64_SOURCE=1 /D HAVE_SYS_TYPES_H /D HAVE_STDINT_H /D HAVE_STDDEF_H /D "CMAKE_INTDIR=\"Debug\"" /D _MBCS /Gm- /RTC1 /MDd /GS /fp:precise /Zc:wchar_t /Zc:forScope /Zc:inline /Fo"cmTC_3cb0f.dir\Debug\\" /Fd"cmTC_3cb0f.dir\Debug\vc141.pdb" /Gd /TC /errorReport:queue "D:\remotes\sed-stash\biogears\master\projects\zip\lib\zlib\CMakeFiles\CheckTypeSize\OFF64_T.c"
  OFF64_T.c
  
D:\remotes\sed-stash\biogears\master\projects\zip\lib\zlib\CMakeFiles\CheckTypeSize\OFF64_T.c(25): error C2065: 'off64_t': undeclared identifier [D:\remotes\sed-stash\biogears\master\projects\zip\lib\zlib\CMakeFiles\CMakeTmp\cmTC_3cb0f.vcxproj]
D:\remotes\sed-stash\biogears\master\projects\zip\lib\zlib\CMakeFiles\CheckTypeSize\OFF64_T.c(26): error C2065: 'off64_t': undeclared identifier [D:\remotes\sed-stash\biogears\master\projects\zip\lib\zlib\CMakeFiles\CMakeTmp\cmTC_3cb0f.vcxproj]
D:\remotes\sed-stash\biogears\master\projects\zip\lib\zlib\CMakeFiles\CheckTypeSize\OFF64_T.c(27): error C2065: 'off64_t': undeclared identifier [D:\remotes\sed-stash\biogears\master\projects\zip\lib\zlib\CMakeFiles\CMakeTmp\cmTC_3cb0f.vcxproj]
D:\remotes\sed-stash\biogears\master\projects\zip\lib\zlib\CMakeFiles\CheckTypeSize\OFF64_T.c(28): error C2065: 'off64_t': undeclared identifier [D:\remotes\sed-stash\biogears\master\projects\zip\lib\zlib\CMakeFiles\CMakeTmp\cmTC_3cb0f.vcxproj]
D:\remotes\sed-stash\biogears\master\projects\zip\lib\zlib\CMakeFiles\CheckTypeSize\OFF64_T.c(29): error C2065: 'off64_t': undeclared identifier [D:\remotes\sed-stash\biogears\master\projects\zip\lib\zlib\CMakeFiles\CMakeTmp\cmTC_3cb0f.vcxproj]


D:/remotes/sed-stash/biogears/master/projects/zip/lib/zlib/CMakeFiles/CheckTypeSize/OFF64_T.c:
#include <sys/types.h>
#include <stdint.h>
#include <stddef.h>


#undef KEY
#if defined(__i386)
# define KEY '_','_','i','3','8','6'
#elif defined(__x86_64)
# define KEY '_','_','x','8','6','_','6','4'
#elif defined(__ppc__)
# define KEY '_','_','p','p','c','_','_'
#elif defined(__ppc64__)
# define KEY '_','_','p','p','c','6','4','_','_'
#elif defined(__aarch64__)
# define KEY '_','_','a','a','r','c','h','6','4','_','_'
#elif defined(__ARM_ARCH_7A__)
# define KEY '_','_','A','R','M','_','A','R','C','H','_','7','A','_','_'
#elif defined(__ARM_ARCH_7S__)
# define KEY '_','_','A','R','M','_','A','R','C','H','_','7','S','_','_'
#endif

#define SIZE (sizeof(off64_t))
static char info_size[] =  {'I', 'N', 'F', 'O', ':', 's','i','z','e','[',
  ('0' + ((SIZE / 10000)%10)),
  ('0' + ((SIZE / 1000)%10)),
  ('0' + ((SIZE / 100)%10)),
  ('0' + ((SIZE / 10)%10)),
  ('0' +  (SIZE    % 10)),
  ']',
#ifdef KEY
  ' ','k','e','y','[', KEY, ']',
#endif
  '\0'};

#ifdef __CLASSIC_C__
int main(argc, argv) int argc; char *argv[];
#else
int main(int argc, char *argv[])
#endif
{
  int require = 0;
  require += info_size[argc];
  (void)argv;
  return require;
}


Determining if the function fseeko exists failed with the following output:
Change Dir: D:/remotes/sed-stash/biogears/master/projects/zip/lib/zlib/CMakeFiles/CMakeTmp

Run Build Command(s):C:/Program Files (x86)/Microsoft Visual Studio/2017/Professional/MSBuild/15.0/Bin/MSBuild.exe cmTC_26827.vcxproj /p:Configuration=Debug /p:Platform=x64 /p:VisualStudioVersion=15.0 /v:m && Microsoft (R) Build Engine version 15.9.21+g9802d43bc3 for .NET Framework
Copyright (C) Microsoft Corporation. All rights reserved.

  Microsoft (R) C/C++ Optimizing Compiler Version 19.16.27034 for x64
  Copyright (C) Microsoft Corporation.  All rights reserved.
  
  cl /c /Zi /W3 /WX- /diagnostics:classic /Od /Ob0 /D WIN32 /D _WINDOWS /D CHECK_FUNCTION_EXISTS=fseeko /D "CMAKE_INTDIR=\"Debug\"" /D _MBCS /Gm- /RTC1 /MDd /GS /fp:precise /Zc:wchar_t /Zc:forScope /Zc:inline /Fo"cmTC_26827.dir\Debug\\" /Fd"cmTC_26827.dir\Debug\vc141.pdb" /Gd /TC /errorReport:queue "C:\Program Files\CMake\share\cmake-3.15\Modules\CheckFunctionExists.c"
  CheckFunctionExists.c
  
CheckFunctionExists.obj : error LNK2019: unresolved external symbol fseeko referenced in function main [D:\remotes\sed-stash\biogears\master\projects\zip\lib\zlib\CMakeFiles\CMakeTmp\cmTC_26827.vcxproj]
D:\remotes\sed-stash\biogears\master\projects\zip\lib\zlib\CMakeFiles\CMakeTmp\Debug\cmTC_26827.exe : fatal error LNK1120: 1 unresolved externals [D:\remotes\sed-stash\biogears\master\projects\zip\lib\zlib\CMakeFiles\CMakeTmp\cmTC_26827.vcxproj]



Determining if the include file unistd.h exists failed with the following output:
Change Dir: D:/remotes/sed-stash/biogears/master/projects/zip/lib/zlib/CMakeFiles/CMakeTmp

Run Build Command(s):C:/Program Files (x86)/Microsoft Visual Studio/2017/Professional/MSBuild/15.0/Bin/MSBuild.exe cmTC_af2e9.vcxproj /p:Configuration=Debug /p:Platform=x64 /p:VisualStudioVersion=15.0 /v:m && Microsoft (R) Build Engine version 15.9.21+g9802d43bc3 for .NET Framework
Copyright (C) Microsoft Corporation. All rights reserved.

  Microsoft (R) C/C++ Optimizing Compiler Version 19.16.27034 for x64
  Copyright (C) Microsoft Corporation.  All rights reserved.
  
  cl /c /Zi /W3 /WX- /diagnostics:classic /Od /Ob0 /D WIN32 /D _WINDOWS /D "CMAKE_INTDIR=\"Debug\"" /D _MBCS /Gm- /RTC1 /MDd /GS /fp:precise /Zc:wchar_t /Zc:forScope /Zc:inline /Fo"cmTC_af2e9.dir\Debug\\" /Fd"cmTC_af2e9.dir\Debug\vc141.pdb" /Gd /TC /errorReport:queue "D:\remotes\sed-stash\biogears\master\projects\zip\lib\zlib\CMakeFiles\CMakeTmp\CheckIncludeFile.c"
  CheckIncludeFile.c
  
D:\remotes\sed-stash\biogears\master\projects\zip\lib\zlib\CMakeFiles\CMakeTmp\CheckIncludeFile.c(1): fatal error C1083: Cannot open include file: 'unistd.h': No such file or directory [D:\remotes\sed-stash\biogears\master\projects\zip\lib\zlib\CMakeFiles\CMakeTmp\cmTC_af2e9.vcxproj]



